2021-12-08 14:56:03.156 INFO  org.hibernate.validator.internal.util.Version     :21   [32m                  [0;39m HV000001: Hibernate Validator 6.2.0.Final
2021-12-08 14:56:03.171 INFO  com.SpringbootInitApplication                     :55   [32m                  [0;39m Starting SpringbootInitApplication using Java 15 on PC-20210710SYOZ with PID 21584 (E:\market\market\springboot-init\target\classes started by Administrator in E:\market\market)
2021-12-08 14:56:03.171 INFO  com.SpringbootInitApplication                     :659  [32m                  [0;39m No active profile set, falling back to default profiles: default
2021-12-08 14:56:03.394 INFO  o.s.b.d.env.DevToolsPropertyDefaultsPostProcessor :255  [32m                  [0;39m Devtools property defaults active! Set 'spring.devtools.add-properties' to 'false' to disable
2021-12-08 14:56:03.394 INFO  o.s.b.d.env.DevToolsPropertyDefaultsPostProcessor :255  [32m                  [0;39m For additional web related logging consider setting the 'logging.level.web' property to 'DEBUG'
2021-12-08 14:56:07.628 INFO  o.s.d.r.config.RepositoryConfigurationDelegate    :262  [32m                  [0;39m Multiple Spring Data modules found, entering strict repository configuration mode!
2021-12-08 14:56:07.628 INFO  o.s.d.r.config.RepositoryConfigurationDelegate    :132  [32m                  [0;39m Bootstrapping Spring Data Redis repositories in DEFAULT mode.
2021-12-08 14:56:08.238 INFO  o.s.d.r.config.RepositoryConfigurationDelegate    :201  [32m                  [0;39m Finished Spring Data repository scanning in 582 ms. Found 0 Redis repository interfaces.
2021-12-08 14:56:09.787 INFO  o.s.boot.web.embedded.tomcat.TomcatWebServer      :108  [32m                  [0;39m Tomcat initialized with port(s): 8081 (http)
2021-12-08 14:56:09.828 INFO  org.apache.coyote.http11.Http11NioProtocol        :173  [32m                  [0;39m Initializing ProtocolHandler ["http-nio-8081"]
2021-12-08 14:56:09.828 INFO  org.apache.catalina.core.StandardService          :173  [32m                  [0;39m Starting service [Tomcat]
2021-12-08 14:56:09.828 INFO  org.apache.catalina.core.StandardEngine           :173  [32m                  [0;39m Starting Servlet engine: [Apache Tomcat/9.0.53]
2021-12-08 14:56:09.947 INFO  o.a.c.core.ContainerBase.[Tomcat].[localhost].[/] :173  [32m                  [0;39m Initializing Spring embedded WebApplicationContext
2021-12-08 14:56:09.947 INFO  o.s.b.w.s.c.ServletWebServerApplicationContext    :290  [32m                  [0;39m Root WebApplicationContext: initialization completed in 6553 ms
2021-12-08 14:56:12.912 INFO  o.s.b.d.autoconfigure.OptionalLiveReloadServer    :58   [32m                  [0;39m LiveReload server is running on port 35729
2021-12-08 14:56:12.942 INFO  org.apache.coyote.http11.Http11NioProtocol        :173  [32m                  [0;39m Starting ProtocolHandler ["http-nio-8081"]
2021-12-08 14:56:12.982 INFO  o.s.boot.web.embedded.tomcat.TomcatWebServer      :220  [32m                  [0;39m Tomcat started on port(s): 8081 (http) with context path ''
2021-12-08 14:56:13.052 INFO  com.SpringbootInitApplication                     :61   [32m                  [0;39m Started SpringbootInitApplication in 11.446 seconds (JVM running for 15.358)
2021-12-08 14:56:35.012 INFO  com.job.DocJob                                    :32   [32m123679098848546816[0;39m æ›´æ–°ç”µå­ä¹¦ä¸‹çš„æ–‡æ¡£æ•°æ®å¼€å§‹
2021-12-08 14:56:35.082 INFO  com.zaxxer.hikari.HikariDataSource                :110  [32m123679098848546816[0;39m HikariPool-1 - Starting...
2021-12-08 14:56:35.843 INFO  com.zaxxer.hikari.HikariDataSource                :123  [32m123679098848546816[0;39m HikariPool-1 - Start completed.
2021-12-08 14:56:35.933 DEBUG com.mapper.DocMapperCust.updateEbookInfo          :137  [32m123679098848546816[0;39m ==>  Preparing: update ebook t1, (select ebook_id, count(1) doc_count, sum(view_count) view_count, sum(vote_count) vote_count from doc group by ebook_id) t2 set t1.doc_count = t2.doc_count, t1.view_count = t2.view_count, t1.vote_count = t2.vote_count where t1.id = t2.ebook_id
2021-12-08 14:56:35.953 DEBUG com.mapper.DocMapperCust.updateEbookInfo          :137  [32m123679098848546816[0;39m ==> Parameters: 
2021-12-08 14:56:36.043 DEBUG com.mapper.DocMapperCust.updateEbookInfo          :137  [32m123679098848546816[0;39m <==    Updates: 2
2021-12-08 14:56:36.043 INFO  com.job.DocJob                                    :35   [32m123679098848546816[0;39m æ›´æ–°ç”µå­ä¹¦ä¸‹çš„æ–‡æ¡£æ•°æ®ç»“æŸï¼Œè€—æ—¶ï¼š1031æ¯«ç§’
2021-12-08 14:57:05.009 INFO  com.job.DocJob                                    :32   [32m123679224665083904[0;39m æ›´æ–°ç”µå­ä¹¦ä¸‹çš„æ–‡æ¡£æ•°æ®å¼€å§‹
2021-12-08 14:57:05.049 DEBUG com.mapper.DocMapperCust.updateEbookInfo          :137  [32m123679224665083904[0;39m ==>  Preparing: update ebook t1, (select ebook_id, count(1) doc_count, sum(view_count) view_count, sum(vote_count) vote_count from doc group by ebook_id) t2 set t1.doc_count = t2.doc_count, t1.view_count = t2.view_count, t1.vote_count = t2.vote_count where t1.id = t2.ebook_id
2021-12-08 14:57:05.049 DEBUG com.mapper.DocMapperCust.updateEbookInfo          :137  [32m123679224665083904[0;39m ==> Parameters: 
2021-12-08 14:57:05.149 DEBUG com.mapper.DocMapperCust.updateEbookInfo          :137  [32m123679224665083904[0;39m <==    Updates: 2
2021-12-08 14:57:05.149 INFO  com.job.DocJob                                    :35   [32m123679224665083904[0;39m æ›´æ–°ç”µå­ä¹¦ä¸‹çš„æ–‡æ¡£æ•°æ®ç»“æŸï¼Œè€—æ—¶ï¼š140æ¯«ç§’
2021-12-08 14:57:35.003 INFO  com.job.DocJob                                    :32   [32m123679350469038080[0;39m æ›´æ–°ç”µå­ä¹¦ä¸‹çš„æ–‡æ¡£æ•°æ®å¼€å§‹
2021-12-08 14:57:35.043 DEBUG com.mapper.DocMapperCust.updateEbookInfo          :137  [32m123679350469038080[0;39m ==>  Preparing: update ebook t1, (select ebook_id, count(1) doc_count, sum(view_count) view_count, sum(vote_count) vote_count from doc group by ebook_id) t2 set t1.doc_count = t2.doc_count, t1.view_count = t2.view_count, t1.vote_count = t2.vote_count where t1.id = t2.ebook_id
2021-12-08 14:57:35.053 DEBUG com.mapper.DocMapperCust.updateEbookInfo          :137  [32m123679350469038080[0;39m ==> Parameters: 
2021-12-08 14:57:35.143 DEBUG com.mapper.DocMapperCust.updateEbookInfo          :137  [32m123679350469038080[0;39m <==    Updates: 2
2021-12-08 14:57:35.143 INFO  com.job.DocJob                                    :35   [32m123679350469038080[0;39m æ›´æ–°ç”µå­ä¹¦ä¸‹çš„æ–‡æ¡£æ•°æ®ç»“æŸï¼Œè€—æ—¶ï¼š140æ¯«ç§’
2021-12-08 14:58:05.009 INFO  com.job.DocJob                                    :32   [32m123679476323323904[0;39m æ›´æ–°ç”µå­ä¹¦ä¸‹çš„æ–‡æ¡£æ•°æ®å¼€å§‹
2021-12-08 14:58:05.060 DEBUG com.mapper.DocMapperCust.updateEbookInfo          :137  [32m123679476323323904[0;39m ==>  Preparing: update ebook t1, (select ebook_id, count(1) doc_count, sum(view_count) view_count, sum(vote_count) vote_count from doc group by ebook_id) t2 set t1.doc_count = t2.doc_count, t1.view_count = t2.view_count, t1.vote_count = t2.vote_count where t1.id = t2.ebook_id
2021-12-08 14:58:05.060 DEBUG com.mapper.DocMapperCust.updateEbookInfo          :137  [32m123679476323323904[0;39m ==> Parameters: 
2021-12-08 14:58:05.255 DEBUG com.mapper.DocMapperCust.updateEbookInfo          :137  [32m123679476323323904[0;39m <==    Updates: 2
2021-12-08 14:58:05.255 INFO  com.job.DocJob                                    :35   [32m123679476323323904[0;39m æ›´æ–°ç”µå­ä¹¦ä¸‹çš„æ–‡æ¡£æ•°æ®ç»“æŸï¼Œè€—æ—¶ï¼š246æ¯«ç§’
2021-12-08 14:58:29.047 INFO  o.a.c.core.ContainerBase.[Tomcat].[localhost].[/] :173  [32m                  [0;39m Initializing Spring DispatcherServlet 'dispatcherServlet'
2021-12-08 14:58:29.048 INFO  org.springframework.web.servlet.DispatcherServlet :525  [32m                  [0;39m Initializing Servlet 'dispatcherServlet'
2021-12-08 14:58:29.051 INFO  org.springframework.web.servlet.DispatcherServlet :547  [32m                  [0;39m Completed initialization in 2 ms
2021-12-08 14:58:29.295 INFO  com.aspect.LogAspect                              :54   [32m123679578165219328[0;39m ------------- å¼€å§‹ -------------
2021-12-08 14:58:29.298 INFO  com.aspect.LogAspect                              :55   [32m123679578165219328[0;39m è¯·æ±‚åœ°å€: http://localhost:8081/category/all GET
2021-12-08 14:58:29.299 INFO  com.aspect.LogAspect                              :56   [32m123679578165219328[0;39m ç±»åæ–¹æ³•: com.controller.CategoryController.all
2021-12-08 14:58:29.304 INFO  com.aspect.LogAspect                              :57   [32m123679578165219328[0;39m è¿œç¨‹åœ°å€: 0:0:0:0:0:0:0:1
2021-12-08 14:58:29.351 INFO  com.aspect.LogAspect                              :80   [32m123679578165219328[0;39m è¯·æ±‚å‚æ•°: []
2021-12-08 14:58:29.441 DEBUG com.mapper.CategoryMapper.selectByExample         :137  [32m123679578165219328[0;39m ==>  Preparing: select id, parent, `name`, sort from category order by sort asc
2021-12-08 14:58:29.442 DEBUG com.mapper.CategoryMapper.selectByExample         :137  [32m123679578165219328[0;39m ==> Parameters: 
2021-12-08 14:58:29.507 TRACE com.mapper.CategoryMapper.selectByExample         :143  [32m123679578165219328[0;39m <==    Columns: id, parent, name, sort
2021-12-08 14:58:29.507 TRACE com.mapper.CategoryMapper.selectByExample         :143  [32m123679578165219328[0;39m <==        Row: 115484701694758912, 0, test, 1
2021-12-08 14:58:29.513 TRACE com.mapper.CategoryMapper.selectByExample         :143  [32m123679578165219328[0;39m <==        Row: 115484763686572032, 115484701694758910, test1, 2
2021-12-08 14:58:29.514 TRACE com.mapper.CategoryMapper.selectByExample         :143  [32m123679578165219328[0;39m <==        Row: 115149044279545856, 123, 23, 21
2021-12-08 14:58:29.515 TRACE com.mapper.CategoryMapper.selectByExample         :143  [32m123679578165219328[0;39m <==        Row: 100, 0, å‰ç«¯å¼€å‘, 100
2021-12-08 14:58:29.516 TRACE com.mapper.CategoryMapper.selectByExample         :143  [32m123679578165219328[0;39m <==        Row: 101, 100, Vue, 101
2021-12-08 14:58:29.517 TRACE com.mapper.CategoryMapper.selectByExample         :143  [32m123679578165219328[0;39m <==        Row: 102, 100, HTML & CSS, 102
2021-12-08 14:58:29.518 TRACE com.mapper.CategoryMapper.selectByExample         :143  [32m123679578165219328[0;39m <==        Row: 200, 0, Java, 200
2021-12-08 14:58:29.520 TRACE com.mapper.CategoryMapper.selectByExample         :143  [32m123679578165219328[0;39m <==        Row: 201, 200, åŸºç¡€åº”ç”¨, 201
2021-12-08 14:58:29.521 TRACE com.mapper.CategoryMapper.selectByExample         :143  [32m123679578165219328[0;39m <==        Row: 202, 200, æ¡†æž¶åº”ç”¨, 202
2021-12-08 14:58:29.522 TRACE com.mapper.CategoryMapper.selectByExample         :143  [32m123679578165219328[0;39m <==        Row: 300, 0, Python, 300
2021-12-08 14:58:29.523 TRACE com.mapper.CategoryMapper.selectByExample         :143  [32m123679578165219328[0;39m <==        Row: 301, 300, åŸºç¡€åº”ç”¨, 301
2021-12-08 14:58:29.523 TRACE com.mapper.CategoryMapper.selectByExample         :143  [32m123679578165219328[0;39m <==        Row: 302, 300, è¿›é˜¶æ–¹å‘åº”ç”¨, 302
2021-12-08 14:58:29.524 TRACE com.mapper.CategoryMapper.selectByExample         :143  [32m123679578165219328[0;39m <==        Row: 400, 0, æ•°æ®åº“, 400
2021-12-08 14:58:29.525 TRACE com.mapper.CategoryMapper.selectByExample         :143  [32m123679578165219328[0;39m <==        Row: 401, 400, MySQL, 401
2021-12-08 14:58:29.526 TRACE com.mapper.CategoryMapper.selectByExample         :143  [32m123679578165219328[0;39m <==        Row: 117509419725623296, 400, Oracle, 402
2021-12-08 14:58:29.527 TRACE com.mapper.CategoryMapper.selectByExample         :143  [32m123679578165219328[0;39m <==        Row: 500, 0, å…¶ä»–, 500
2021-12-08 14:58:29.529 TRACE com.mapper.CategoryMapper.selectByExample         :143  [32m123679578165219328[0;39m <==        Row: 501, 500, æœåŠ¡å™¨, 501
2021-12-08 14:58:29.530 TRACE com.mapper.CategoryMapper.selectByExample         :143  [32m123679578165219328[0;39m <==        Row: 502, 500, å¼€å‘å·¥å…·, 502
2021-12-08 14:58:29.530 TRACE com.mapper.CategoryMapper.selectByExample         :143  [32m123679578165219328[0;39m <==        Row: 503, 500, çƒ­é—¨æœåŠ¡ç«¯è¯­è¨€, 503
2021-12-08 14:58:29.531 DEBUG com.mapper.CategoryMapper.selectByExample         :137  [32m123679578165219328[0;39m <==      Total: 19
2021-12-08 14:58:29.583 INFO  com.aspect.LogAspect                              :92   [32m123679578165219328[0;39m è¿”å›žç»“æžœ: {"content":[{"id":115484701694758912,"name":"test","parent":0,"sort":1},{"id":115484763686572032,"name":"test1","parent":115484701694758910,"sort":2},{"id":115149044279545856,"name":"23","parent":123,"sort":21},{"id":100,"name":"å‰ç«¯å¼€å‘","parent":0,"sort":100},{"id":101,"name":"Vue","parent":100,"sort":101},{"id":102,"name":"HTML & CSS","parent":100,"sort":102},{"id":200,"name":"Java","parent":0,"sort":200},{"id":201,"name":"åŸºç¡€åº”ç”¨","parent":200,"sort":201},{"id":202,"name":"æ¡†æž¶åº”ç”¨","parent":200,"sort":202},{"id":300,"name":"Python","parent":0,"sort":300},{"id":301,"name":"åŸºç¡€åº”ç”¨","parent":300,"sort":301},{"id":302,"name":"è¿›é˜¶æ–¹å‘åº”ç”¨","parent":300,"sort":302},{"id":400,"name":"æ•°æ®åº“","parent":0,"sort":400},{"id":401,"name":"MySQL","parent":400,"sort":401},{"id":117509419725623296,"name":"Oracle","parent":400,"sort":402},{"id":500,"name":"å…¶ä»–","parent":0,"sort":500},{"id":501,"name":"æœåŠ¡å™¨","parent":500,"sort":501},{"id":502,"name":"å¼€å‘å·¥å…·","parent":500,"sort":502},{"id":503,"name":"çƒ­é—¨æœåŠ¡ç«¯è¯­è¨€","parent":500,"sort":503}],"success":true}
2021-12-08 14:58:29.583 INFO  com.aspect.LogAspect                              :93   [32m123679578165219328[0;39m ------------- ç»“æŸ è€—æ—¶ï¼š293 ms -------------
2021-12-08 14:58:35.003 INFO  com.job.DocJob                                    :32   [32m123679602127278080[0;39m æ›´æ–°ç”µå­ä¹¦ä¸‹çš„æ–‡æ¡£æ•°æ®å¼€å§‹
2021-12-08 14:58:35.043 DEBUG com.mapper.DocMapperCust.updateEbookInfo          :137  [32m123679602127278080[0;39m ==>  Preparing: update ebook t1, (select ebook_id, count(1) doc_count, sum(view_count) view_count, sum(vote_count) vote_count from doc group by ebook_id) t2 set t1.doc_count = t2.doc_count, t1.view_count = t2.view_count, t1.vote_count = t2.vote_count where t1.id = t2.ebook_id
2021-12-08 14:58:35.043 DEBUG com.mapper.DocMapperCust.updateEbookInfo          :137  [32m123679602127278080[0;39m ==> Parameters: 
2021-12-08 14:58:35.133 DEBUG com.mapper.DocMapperCust.updateEbookInfo          :137  [32m123679602127278080[0;39m <==    Updates: 2
2021-12-08 14:58:35.133 INFO  com.job.DocJob                                    :35   [32m123679602127278080[0;39m æ›´æ–°ç”µå­ä¹¦ä¸‹çš„æ–‡æ¡£æ•°æ®ç»“æŸï¼Œè€—æ—¶ï¼š130æ¯«ç§’
2021-12-08 14:59:05.013 INFO  com.job.DocJob                                    :32   [32m123679727998341120[0;39m æ›´æ–°ç”µå­ä¹¦ä¸‹çš„æ–‡æ¡£æ•°æ®å¼€å§‹
2021-12-08 14:59:05.073 DEBUG com.mapper.DocMapperCust.updateEbookInfo          :137  [32m123679727998341120[0;39m ==>  Preparing: update ebook t1, (select ebook_id, count(1) doc_count, sum(view_count) view_count, sum(vote_count) vote_count from doc group by ebook_id) t2 set t1.doc_count = t2.doc_count, t1.view_count = t2.view_count, t1.vote_count = t2.vote_count where t1.id = t2.ebook_id
2021-12-08 14:59:05.073 DEBUG com.mapper.DocMapperCust.updateEbookInfo          :137  [32m123679727998341120[0;39m ==> Parameters: 
2021-12-08 14:59:05.172 DEBUG com.mapper.DocMapperCust.updateEbookInfo          :137  [32m123679727998341120[0;39m <==    Updates: 2
2021-12-08 14:59:05.172 INFO  com.job.DocJob                                    :35   [32m123679727998341120[0;39m æ›´æ–°ç”µå­ä¹¦ä¸‹çš„æ–‡æ¡£æ•°æ®ç»“æŸï¼Œè€—æ—¶ï¼š159æ¯«ç§’
2021-12-08 14:59:15.375 INFO  com.aspect.LogAspect                              :54   [32m123679771459719168[0;39m ------------- å¼€å§‹ -------------
2021-12-08 14:59:15.376 INFO  com.aspect.LogAspect                              :55   [32m123679771459719168[0;39m è¯·æ±‚åœ°å€: http://localhost:8081/ebook/list GET
2021-12-08 14:59:15.376 INFO  com.aspect.LogAspect                              :56   [32m123679771459719168[0;39m ç±»åæ–¹æ³•: com.controller.EbookController.list
2021-12-08 14:59:15.376 INFO  com.aspect.LogAspect                              :57   [32m123679771459719168[0;39m è¿œç¨‹åœ°å€: 0:0:0:0:0:0:0:1
2021-12-08 14:59:15.378 INFO  com.aspect.LogAspect                              :80   [32m123679771459719168[0;39m è¯·æ±‚å‚æ•°: [{"categoryId2":115484763686572032,"page":1,"size":1000}]
2021-12-08 14:59:15.563 DEBUG com.mapper.EbookMapper.selectByExample_COUNT      :137  [32m123679771459719168[0;39m ==>  Preparing: SELECT count(0) FROM ebook WHERE (category2_id = ?)
2021-12-08 14:59:15.563 DEBUG com.mapper.EbookMapper.selectByExample_COUNT      :137  [32m123679771459719168[0;39m ==> Parameters: 115484763686572032(Long)
2021-12-08 14:59:15.614 TRACE com.mapper.EbookMapper.selectByExample_COUNT      :143  [32m123679771459719168[0;39m <==    Columns: count(0)
2021-12-08 14:59:15.614 TRACE com.mapper.EbookMapper.selectByExample_COUNT      :143  [32m123679771459719168[0;39m <==        Row: 1
2021-12-08 14:59:15.623 DEBUG com.mapper.EbookMapper.selectByExample_COUNT      :137  [32m123679771459719168[0;39m <==      Total: 1
2021-12-08 14:59:15.623 DEBUG com.mapper.EbookMapper.selectByExample            :137  [32m123679771459719168[0;39m ==>  Preparing: select id, `name`, category1_id, category2_id, description, cover, doc_count, view_count, vote_count from ebook WHERE ( category2_id = ? ) LIMIT ?
2021-12-08 14:59:15.623 DEBUG com.mapper.EbookMapper.selectByExample            :137  [32m123679771459719168[0;39m ==> Parameters: 115484763686572032(Long), 1000(Integer)
2021-12-08 14:59:15.673 TRACE com.mapper.EbookMapper.selectByExample            :143  [32m123679771459719168[0;39m <==    Columns: id, name, category1_id, category2_id, description, cover, doc_count, view_count, vote_count
2021-12-08 14:59:15.673 TRACE com.mapper.EbookMapper.selectByExample            :143  [32m123679771459719168[0;39m <==        Row: 117509669114744832, test, 115484701694758912, 115484763686572032, test, /image/cover2.png, 20, 57, 45
2021-12-08 14:59:15.673 DEBUG com.mapper.EbookMapper.selectByExample            :137  [32m123679771459719168[0;39m <==      Total: 1
2021-12-08 14:59:15.683 INFO  com.servicess.EbookService                        :48   [32m123679771459719168[0;39m æ€»è¡Œæ•°ï¼š1
2021-12-08 14:59:15.683 INFO  com.servicess.EbookService                        :49   [32m123679771459719168[0;39m æ€»é¡µæ•°ï¼š1
2021-12-08 14:59:15.703 INFO  com.aspect.LogAspect                              :92   [32m123679771459719168[0;39m è¿”å›žç»“æžœ: {"content":{"list":[{"category1Id":115484701694758912,"category2Id":115484763686572032,"cover":"/image/cover2.png","description":"test","docCount":20,"id":117509669114744832,"name":"test","viewCount":57,"voteCount":45}],"total":1},"success":true}
2021-12-08 14:59:15.703 INFO  com.aspect.LogAspect                              :93   [32m123679771459719168[0;39m ------------- ç»“æŸ è€—æ—¶ï¼š328 ms -------------
2021-12-08 14:59:16.948 INFO  com.aspect.LogAspect                              :54   [32m123679778057359360[0;39m ------------- å¼€å§‹ -------------
2021-12-08 14:59:16.949 INFO  com.aspect.LogAspect                              :55   [32m123679778057359360[0;39m è¯·æ±‚åœ°å€: http://localhost:8081/ebook/list GET
2021-12-08 14:59:16.949 INFO  com.aspect.LogAspect                              :56   [32m123679778057359360[0;39m ç±»åæ–¹æ³•: com.controller.EbookController.list
2021-12-08 14:59:16.949 INFO  com.aspect.LogAspect                              :57   [32m123679778057359360[0;39m è¿œç¨‹åœ°å€: 0:0:0:0:0:0:0:1
2021-12-08 14:59:16.949 INFO  com.aspect.LogAspect                              :80   [32m123679778057359360[0;39m è¯·æ±‚å‚æ•°: [{"categoryId2":101,"page":1,"size":1000}]
2021-12-08 14:59:17.005 DEBUG com.mapper.EbookMapper.selectByExample_COUNT      :137  [32m123679778057359360[0;39m ==>  Preparing: SELECT count(0) FROM ebook WHERE (category2_id = ?)
2021-12-08 14:59:17.006 DEBUG com.mapper.EbookMapper.selectByExample_COUNT      :137  [32m123679778057359360[0;39m ==> Parameters: 101(Long)
2021-12-08 14:59:17.055 TRACE com.mapper.EbookMapper.selectByExample_COUNT      :143  [32m123679778057359360[0;39m <==    Columns: count(0)
2021-12-08 14:59:17.056 TRACE com.mapper.EbookMapper.selectByExample_COUNT      :143  [32m123679778057359360[0;39m <==        Row: 1
2021-12-08 14:59:17.057 DEBUG com.mapper.EbookMapper.selectByExample_COUNT      :137  [32m123679778057359360[0;39m <==      Total: 1
2021-12-08 14:59:17.058 DEBUG com.mapper.EbookMapper.selectByExample            :137  [32m123679778057359360[0;39m ==>  Preparing: select id, `name`, category1_id, category2_id, description, cover, doc_count, view_count, vote_count from ebook WHERE ( category2_id = ? ) LIMIT ?
2021-12-08 14:59:17.059 DEBUG com.mapper.EbookMapper.selectByExample            :137  [32m123679778057359360[0;39m ==> Parameters: 101(Long), 1000(Integer)
2021-12-08 14:59:17.110 TRACE com.mapper.EbookMapper.selectByExample            :143  [32m123679778057359360[0;39m <==    Columns: id, name, category1_id, category2_id, description, cover, doc_count, view_count, vote_count
2021-12-08 14:59:17.111 TRACE com.mapper.EbookMapper.selectByExample            :143  [32m123679778057359360[0;39m <==        Row: 2, Vueå…¥é—¨æ•™ç¨‹, 100, 101, é›¶åŸºç¡€å…¥é—¨Vueå¼€å‘ï¼Œä¼ä¸šçº§åº”ç”¨å¼€å‘æœ€ä½³é¦–é€‰æ¡†æž¶, /image/cover2.png, 5, 32, 3
2021-12-08 14:59:17.114 DEBUG com.mapper.EbookMapper.selectByExample            :137  [32m123679778057359360[0;39m <==      Total: 1
2021-12-08 14:59:17.115 INFO  com.servicess.EbookService                        :48   [32m123679778057359360[0;39m æ€»è¡Œæ•°ï¼š1
2021-12-08 14:59:17.115 INFO  com.servicess.EbookService                        :49   [32m123679778057359360[0;39m æ€»é¡µæ•°ï¼š1
2021-12-08 14:59:17.116 INFO  com.aspect.LogAspect                              :92   [32m123679778057359360[0;39m è¿”å›žç»“æžœ: {"content":{"list":[{"category1Id":100,"category2Id":101,"cover":"/image/cover2.png","description":"é›¶åŸºç¡€å…¥é—¨Vueå¼€å‘ï¼Œä¼ä¸šçº§åº”ç”¨å¼€å‘æœ€ä½³é¦–é€‰æ¡†æž¶","docCount":5,"id":2,"name":"Vueå…¥é—¨æ•™ç¨‹","viewCount":32,"voteCount":3}],"total":1},"success":true}
2021-12-08 14:59:17.117 INFO  com.aspect.LogAspect                              :93   [32m123679778057359360[0;39m ------------- ç»“æŸ è€—æ—¶ï¼š169 ms -------------
2021-12-08 14:59:17.717 INFO  com.aspect.LogAspect                              :54   [32m123679781282779136[0;39m ------------- å¼€å§‹ -------------
2021-12-08 14:59:17.718 INFO  com.aspect.LogAspect                              :55   [32m123679781282779136[0;39m è¯·æ±‚åœ°å€: http://localhost:8081/doc/all/2 GET
2021-12-08 14:59:17.718 INFO  com.aspect.LogAspect                              :56   [32m123679781282779136[0;39m ç±»åæ–¹æ³•: com.controller.DocController.all
2021-12-08 14:59:17.718 INFO  com.aspect.LogAspect                              :57   [32m123679781282779136[0;39m è¿œç¨‹åœ°å€: 0:0:0:0:0:0:0:1
2021-12-08 14:59:17.719 INFO  com.aspect.LogAspect                              :80   [32m123679781282779136[0;39m è¯·æ±‚å‚æ•°: [2]
2021-12-08 14:59:17.771 DEBUG com.mapper.DocMapper.selectByExample              :137  [32m123679781282779136[0;39m ==>  Preparing: select id, ebook_id, parent, `name`, sort, view_count, vote_count from doc WHERE ( ebook_id = ? ) order by sort asc
2021-12-08 14:59:17.771 DEBUG com.mapper.DocMapper.selectByExample              :137  [32m123679781282779136[0;39m ==> Parameters: 2(Long)
2021-12-08 14:59:17.824 TRACE com.mapper.DocMapper.selectByExample              :143  [32m123679781282779136[0;39m <==    Columns: id, ebook_id, parent, name, sort, view_count, vote_count
2021-12-08 14:59:17.824 TRACE com.mapper.DocMapper.selectByExample              :143  [32m123679781282779136[0;39m <==        Row: 9, 2, 0, æ–‡æ¡£1, 1, 16, 0
2021-12-08 14:59:17.824 TRACE com.mapper.DocMapper.selectByExample              :143  [32m123679781282779136[0;39m <==        Row: 122746345772683264, 2, 0, æ–‡æ¡£2, 1, 10, 0
2021-12-08 14:59:17.824 TRACE com.mapper.DocMapper.selectByExample              :143  [32m123679781282779136[0;39m <==        Row: 123355131981991936, 2, 9, æ–‡æ¡£1.1, 1, 2, 1
2021-12-08 14:59:17.834 TRACE com.mapper.DocMapper.selectByExample              :143  [32m123679781282779136[0;39m <==        Row: 123355236525019136, 2, 122746345772683264, æ–‡æ¡£2.1, 1, 2, 1
2021-12-08 14:59:17.834 TRACE com.mapper.DocMapper.selectByExample              :143  [32m123679781282779136[0;39m <==        Row: 123355187095146496, 2, 9, æ–‡æ¡£1.2, 2, 2, 1
2021-12-08 14:59:17.834 DEBUG com.mapper.DocMapper.selectByExample              :137  [32m123679781282779136[0;39m <==      Total: 5
2021-12-08 14:59:17.854 INFO  com.aspect.LogAspect                              :92   [32m123679781282779136[0;39m è¿”å›žç»“æžœ: {"content":[{"ebookId":2,"id":9,"name":"æ–‡æ¡£1","parent":0,"sort":1,"viewCount":16,"voteCount":0},{"ebookId":2,"id":122746345772683264,"name":"æ–‡æ¡£2","parent":0,"sort":1,"viewCount":10,"voteCount":0},{"ebookId":2,"id":123355131981991936,"name":"æ–‡æ¡£1.1","parent":9,"sort":1,"viewCount":2,"voteCount":1},{"ebookId":2,"id":123355236525019136,"name":"æ–‡æ¡£2.1","parent":122746345772683264,"sort":1,"viewCount":2,"voteCount":1},{"ebookId":2,"id":123355187095146496,"name":"æ–‡æ¡£1.2","parent":9,"sort":2,"viewCount":2,"voteCount":1}],"success":true}
2021-12-08 14:59:17.854 INFO  com.aspect.LogAspect                              :93   [32m123679781282779136[0;39m ------------- ç»“æŸ è€—æ—¶ï¼š137 ms -------------
2021-12-08 14:59:17.913 INFO  com.aspect.LogAspect                              :54   [32m123679782104862720[0;39m ------------- å¼€å§‹ -------------
2021-12-08 14:59:17.913 INFO  com.aspect.LogAspect                              :55   [32m123679782104862720[0;39m è¯·æ±‚åœ°å€: http://localhost:8081/doc/find-content/9 GET
2021-12-08 14:59:17.913 INFO  com.aspect.LogAspect                              :56   [32m123679782104862720[0;39m ç±»åæ–¹æ³•: com.controller.DocController.findContent
2021-12-08 14:59:17.913 INFO  com.aspect.LogAspect                              :57   [32m123679782104862720[0;39m è¿œç¨‹åœ°å€: 0:0:0:0:0:0:0:1
2021-12-08 14:59:17.913 INFO  com.aspect.LogAspect                              :80   [32m123679782104862720[0;39m è¯·æ±‚å‚æ•°: [9]
2021-12-08 14:59:17.914 DEBUG com.mapper.ContentMapper.selectByPrimaryKey       :137  [32m123679782104862720[0;39m ==>  Preparing: select id , content from content where id = ?
2021-12-08 14:59:17.914 DEBUG com.mapper.ContentMapper.selectByPrimaryKey       :137  [32m123679782104862720[0;39m ==> Parameters: 9(Long)
2021-12-08 14:59:17.987 DEBUG com.mapper.ContentMapper.selectByPrimaryKey       :137  [32m123679782104862720[0;39m <==      Total: 0
2021-12-08 14:59:17.989 DEBUG com.mapper.DocMapperCust.increaseViewCount        :137  [32m123679782104862720[0;39m ==>  Preparing: update doc set view_count = view_count + 1 where id = ?
2021-12-08 14:59:17.989 DEBUG com.mapper.DocMapperCust.increaseViewCount        :137  [32m123679782104862720[0;39m ==> Parameters: 9(Long)
2021-12-08 14:59:18.087 DEBUG com.mapper.DocMapperCust.increaseViewCount        :137  [32m123679782104862720[0;39m <==    Updates: 1
2021-12-08 14:59:18.088 INFO  com.aspect.LogAspect                              :92   [32m123679782104862720[0;39m è¿”å›žç»“æžœ: {"content":"","success":true}
2021-12-08 14:59:18.088 INFO  com.aspect.LogAspect                              :93   [32m123679782104862720[0;39m ------------- ç»“æŸ è€—æ—¶ï¼š176 ms -------------
2021-12-08 15:37:25.065 INFO  org.hibernate.validator.internal.util.Version     :21   [32m                  [0;39m HV000001: Hibernate Validator 6.2.0.Final
2021-12-08 15:37:25.177 INFO  com.SpringbootInitApplication                     :55   [32m                  [0;39m Starting SpringbootInitApplication using Java 15 on PC-20210710SYOZ with PID 6180 (E:\market\market\springboot-init\target\classes started by Administrator in E:\market\market)
2021-12-08 15:37:25.178 INFO  com.SpringbootInitApplication                     :659  [32m                  [0;39m No active profile set, falling back to default profiles: default
2021-12-08 15:37:25.522 INFO  o.s.b.d.env.DevToolsPropertyDefaultsPostProcessor :255  [32m                  [0;39m Devtools property defaults active! Set 'spring.devtools.add-properties' to 'false' to disable
2021-12-08 15:37:25.524 INFO  o.s.b.d.env.DevToolsPropertyDefaultsPostProcessor :255  [32m                  [0;39m For additional web related logging consider setting the 'logging.level.web' property to 'DEBUG'
2021-12-08 15:37:34.185 INFO  o.s.d.r.config.RepositoryConfigurationDelegate    :262  [32m                  [0;39m Multiple Spring Data modules found, entering strict repository configuration mode!
2021-12-08 15:37:34.189 INFO  o.s.d.r.config.RepositoryConfigurationDelegate    :132  [32m                  [0;39m Bootstrapping Spring Data Redis repositories in DEFAULT mode.
2021-12-08 15:37:34.966 INFO  o.s.d.r.config.RepositoryConfigurationDelegate    :201  [32m                  [0;39m Finished Spring Data repository scanning in 630 ms. Found 0 Redis repository interfaces.
2021-12-08 15:37:39.529 INFO  o.s.boot.web.embedded.tomcat.TomcatWebServer      :108  [32m                  [0;39m Tomcat initialized with port(s): 8081 (http)
2021-12-08 15:37:39.623 INFO  org.apache.coyote.http11.Http11NioProtocol        :173  [32m                  [0;39m Initializing ProtocolHandler ["http-nio-8081"]
2021-12-08 15:37:39.625 INFO  org.apache.catalina.core.StandardService          :173  [32m                  [0;39m Starting service [Tomcat]
2021-12-08 15:37:39.626 INFO  org.apache.catalina.core.StandardEngine           :173  [32m                  [0;39m Starting Servlet engine: [Apache Tomcat/9.0.53]
2021-12-08 15:37:39.897 INFO  o.a.c.core.ContainerBase.[Tomcat].[localhost].[/] :173  [32m                  [0;39m Initializing Spring embedded WebApplicationContext
2021-12-08 15:37:39.897 INFO  o.s.b.w.s.c.ServletWebServerApplicationContext    :290  [32m                  [0;39m Root WebApplicationContext: initialization completed in 14371 ms
2021-12-08 15:37:46.077 INFO  o.s.b.d.autoconfigure.OptionalLiveReloadServer    :58   [32m                  [0;39m LiveReload server is running on port 35729
2021-12-08 15:37:46.175 INFO  org.apache.coyote.http11.Http11NioProtocol        :173  [32m                  [0;39m Starting ProtocolHandler ["http-nio-8081"]
2021-12-08 15:37:46.238 INFO  o.s.boot.web.embedded.tomcat.TomcatWebServer      :220  [32m                  [0;39m Tomcat started on port(s): 8081 (http) with context path ''
2021-12-08 15:37:46.337 INFO  com.SpringbootInitApplication                     :61   [32m                  [0;39m Started SpringbootInitApplication in 24.299 seconds (JVM running for 27.98)
2021-12-08 15:38:05.007 INFO  com.job.DocJob                                    :32   [32m123689542644535296[0;39m æ›´æ–°ç”µå­ä¹¦ä¸‹çš„æ–‡æ¡£æ•°æ®å¼€å§‹
2021-12-08 15:38:05.113 INFO  com.zaxxer.hikari.HikariDataSource                :110  [32m123689542644535296[0;39m HikariPool-1 - Starting...
2021-12-08 15:38:05.916 INFO  com.zaxxer.hikari.HikariDataSource                :123  [32m123689542644535296[0;39m HikariPool-1 - Start completed.
2021-12-08 15:38:05.982 DEBUG com.mapper.DocMapperCust.updateEbookInfo          :137  [32m123689542644535296[0;39m ==>  Preparing: update ebook t1, (select ebook_id, count(1) doc_count, sum(view_count) view_count, sum(vote_count) vote_count from doc group by ebook_id) t2 set t1.doc_count = t2.doc_count, t1.view_count = t2.view_count, t1.vote_count = t2.vote_count where t1.id = t2.ebook_id
2021-12-08 15:38:06.004 DEBUG com.mapper.DocMapperCust.updateEbookInfo          :137  [32m123689542644535296[0;39m ==> Parameters: 
2021-12-08 15:38:06.098 DEBUG com.mapper.DocMapperCust.updateEbookInfo          :137  [32m123689542644535296[0;39m <==    Updates: 2
2021-12-08 15:38:06.100 INFO  com.job.DocJob                                    :35   [32m123689542644535296[0;39m æ›´æ–°ç”µå­ä¹¦ä¸‹çš„æ–‡æ¡£æ•°æ®ç»“æŸï¼Œè€—æ—¶ï¼š1092æ¯«ç§’
2021-12-08 15:38:35.004 INFO  com.job.DocJob                                    :32   [32m123689668461072384[0;39m æ›´æ–°ç”µå­ä¹¦ä¸‹çš„æ–‡æ¡£æ•°æ®å¼€å§‹
2021-12-08 15:38:35.052 DEBUG com.mapper.DocMapperCust.updateEbookInfo          :137  [32m123689668461072384[0;39m ==>  Preparing: update ebook t1, (select ebook_id, count(1) doc_count, sum(view_count) view_count, sum(vote_count) vote_count from doc group by ebook_id) t2 set t1.doc_count = t2.doc_count, t1.view_count = t2.view_count, t1.vote_count = t2.vote_count where t1.id = t2.ebook_id
2021-12-08 15:38:35.053 DEBUG com.mapper.DocMapperCust.updateEbookInfo          :137  [32m123689668461072384[0;39m ==> Parameters: 
2021-12-08 15:38:35.145 DEBUG com.mapper.DocMapperCust.updateEbookInfo          :137  [32m123689668461072384[0;39m <==    Updates: 2
2021-12-08 15:38:35.145 INFO  com.job.DocJob                                    :35   [32m123689668461072384[0;39m æ›´æ–°ç”µå­ä¹¦ä¸‹çš„æ–‡æ¡£æ•°æ®ç»“æŸï¼Œè€—æ—¶ï¼š141æ¯«ç§’
2021-12-08 15:39:05.000 INFO  com.job.DocJob                                    :32   [32m123689794273415168[0;39m æ›´æ–°ç”µå­ä¹¦ä¸‹çš„æ–‡æ¡£æ•°æ®å¼€å§‹
2021-12-08 15:39:05.046 DEBUG com.mapper.DocMapperCust.updateEbookInfo          :137  [32m123689794273415168[0;39m ==>  Preparing: update ebook t1, (select ebook_id, count(1) doc_count, sum(view_count) view_count, sum(vote_count) vote_count from doc group by ebook_id) t2 set t1.doc_count = t2.doc_count, t1.view_count = t2.view_count, t1.vote_count = t2.vote_count where t1.id = t2.ebook_id
2021-12-08 15:39:05.047 DEBUG com.mapper.DocMapperCust.updateEbookInfo          :137  [32m123689794273415168[0;39m ==> Parameters: 
2021-12-08 15:39:05.143 DEBUG com.mapper.DocMapperCust.updateEbookInfo          :137  [32m123689794273415168[0;39m <==    Updates: 2
2021-12-08 15:39:05.144 INFO  com.job.DocJob                                    :35   [32m123689794273415168[0;39m æ›´æ–°ç”µå­ä¹¦ä¸‹çš„æ–‡æ¡£æ•°æ®ç»“æŸï¼Œè€—æ—¶ï¼š142æ¯«ç§’
2021-12-08 15:39:37.825 INFO  org.hibernate.validator.internal.util.Version     :21   [32m                  [0;39m HV000001: Hibernate Validator 6.2.0.Final
2021-12-08 15:39:37.849 INFO  com.SpringbootInitApplication                     :55   [32m                  [0;39m Starting SpringbootInitApplication using Java 15 on PC-20210710SYOZ with PID 18424 (E:\market\market\springboot-init\target\classes started by Administrator in E:\market\market)
2021-12-08 15:39:37.850 INFO  com.SpringbootInitApplication                     :659  [32m                  [0;39m No active profile set, falling back to default profiles: default
2021-12-08 15:39:37.999 INFO  o.s.b.d.env.DevToolsPropertyDefaultsPostProcessor :255  [32m                  [0;39m Devtools property defaults active! Set 'spring.devtools.add-properties' to 'false' to disable
2021-12-08 15:39:38.000 INFO  o.s.b.d.env.DevToolsPropertyDefaultsPostProcessor :255  [32m                  [0;39m For additional web related logging consider setting the 'logging.level.web' property to 'DEBUG'
2021-12-08 15:39:39.822 INFO  o.s.d.r.config.RepositoryConfigurationDelegate    :262  [32m                  [0;39m Multiple Spring Data modules found, entering strict repository configuration mode!
2021-12-08 15:39:39.824 INFO  o.s.d.r.config.RepositoryConfigurationDelegate    :132  [32m                  [0;39m Bootstrapping Spring Data Redis repositories in DEFAULT mode.
2021-12-08 15:39:40.509 INFO  o.s.d.r.config.RepositoryConfigurationDelegate    :201  [32m                  [0;39m Finished Spring Data repository scanning in 667 ms. Found 0 Redis repository interfaces.
2021-12-08 15:39:41.354 INFO  o.s.boot.web.embedded.tomcat.TomcatWebServer      :108  [32m                  [0;39m Tomcat initialized with port(s): 8081 (http)
2021-12-08 15:39:41.364 INFO  org.apache.coyote.http11.Http11NioProtocol        :173  [32m                  [0;39m Initializing ProtocolHandler ["http-nio-8081"]
2021-12-08 15:39:41.365 INFO  org.apache.catalina.core.StandardService          :173  [32m                  [0;39m Starting service [Tomcat]
2021-12-08 15:39:41.365 INFO  org.apache.catalina.core.StandardEngine           :173  [32m                  [0;39m Starting Servlet engine: [Apache Tomcat/9.0.53]
2021-12-08 15:39:41.434 INFO  o.a.c.core.ContainerBase.[Tomcat].[localhost].[/] :173  [32m                  [0;39m Initializing Spring embedded WebApplicationContext
2021-12-08 15:39:41.435 INFO  o.s.b.w.s.c.ServletWebServerApplicationContext    :290  [32m                  [0;39m Root WebApplicationContext: initialization completed in 3434 ms
2021-12-08 15:39:43.029 INFO  o.s.b.d.autoconfigure.OptionalLiveReloadServer    :58   [32m                  [0;39m LiveReload server is running on port 35729
2021-12-08 15:39:43.065 INFO  org.apache.coyote.http11.Http11NioProtocol        :173  [32m                  [0;39m Starting ProtocolHandler ["http-nio-8081"]
2021-12-08 15:39:43.087 INFO  o.s.boot.web.embedded.tomcat.TomcatWebServer      :220  [32m                  [0;39m Tomcat started on port(s): 8081 (http) with context path ''
2021-12-08 15:39:43.104 INFO  com.SpringbootInitApplication                     :61   [32m                  [0;39m Started SpringbootInitApplication in 6.105 seconds (JVM running for 7.47)
2021-12-08 15:40:05.001 INFO  com.job.DocJob                                    :32   [32m123690045935849472[0;39m æ›´æ–°ç”µå­ä¹¦ä¸‹çš„æ–‡æ¡£æ•°æ®å¼€å§‹
2021-12-08 15:40:05.024 INFO  com.zaxxer.hikari.HikariDataSource                :110  [32m123690045935849472[0;39m HikariPool-1 - Starting...
2021-12-08 15:40:05.725 INFO  com.zaxxer.hikari.HikariDataSource                :123  [32m123690045935849472[0;39m HikariPool-1 - Start completed.
2021-12-08 15:40:05.738 DEBUG com.mapper.DocMapperCust.updateEbookInfo          :137  [32m123690045935849472[0;39m ==>  Preparing: update ebook t1, (select ebook_id, count(1) doc_count, sum(view_count) view_count, sum(vote_count) vote_count from doc group by ebook_id) t2 set t1.doc_count = t2.doc_count, t1.view_count = t2.view_count, t1.vote_count = t2.vote_count where t1.id = t2.ebook_id
2021-12-08 15:40:05.758 DEBUG com.mapper.DocMapperCust.updateEbookInfo          :137  [32m123690045935849472[0;39m ==> Parameters: 
2021-12-08 15:40:05.849 DEBUG com.mapper.DocMapperCust.updateEbookInfo          :137  [32m123690045935849472[0;39m <==    Updates: 2
2021-12-08 15:40:05.851 INFO  com.job.DocJob                                    :35   [32m123690045935849472[0;39m æ›´æ–°ç”µå­ä¹¦ä¸‹çš„æ–‡æ¡£æ•°æ®ç»“æŸï¼Œè€—æ—¶ï¼š849æ¯«ç§’
2021-12-08 15:40:11.963 INFO  o.a.c.core.ContainerBase.[Tomcat].[localhost].[/] :173  [32m                  [0;39m Initializing Spring DispatcherServlet 'dispatcherServlet'
2021-12-08 15:40:11.964 INFO  org.springframework.web.servlet.DispatcherServlet :525  [32m                  [0;39m Initializing Servlet 'dispatcherServlet'
2021-12-08 15:40:11.970 INFO  org.springframework.web.servlet.DispatcherServlet :547  [32m                  [0;39m Completed initialization in 5 ms
2021-12-08 15:40:12.404 INFO  com.aspect.LogAspect                              :54   [32m123690076973699072[0;39m ------------- å¼€å§‹ -------------
2021-12-08 15:40:12.406 INFO  com.aspect.LogAspect                              :55   [32m123690076973699072[0;39m è¯·æ±‚åœ°å€: http://localhost:8081/category/all GET
2021-12-08 15:40:12.407 INFO  com.aspect.LogAspect                              :56   [32m123690076973699072[0;39m ç±»åæ–¹æ³•: com.controller.CategoryController.all
2021-12-08 15:40:12.407 INFO  com.websocket.WebSocketServer                     :32   [32m                  [0;39m æœ‰æ–°è¿žæŽ¥ï¼štokenï¼šXkuFXklYj8ï¼Œsession idï¼š0ï¼Œå½“å‰è¿žæŽ¥æ•°ï¼š1
2021-12-08 15:40:12.408 INFO  com.aspect.LogAspect                              :57   [32m123690076973699072[0;39m è¿œç¨‹åœ°å€: 0:0:0:0:0:0:0:1
2021-12-08 15:40:12.449 INFO  com.aspect.LogAspect                              :80   [32m123690076973699072[0;39m è¯·æ±‚å‚æ•°: []
2021-12-08 15:40:12.590 DEBUG com.mapper.CategoryMapper.selectByExample         :137  [32m123690076973699072[0;39m ==>  Preparing: select id, parent, `name`, sort from category order by sort asc
2021-12-08 15:40:12.591 DEBUG com.mapper.CategoryMapper.selectByExample         :137  [32m123690076973699072[0;39m ==> Parameters: 
2021-12-08 15:40:12.659 TRACE com.mapper.CategoryMapper.selectByExample         :143  [32m123690076973699072[0;39m <==    Columns: id, parent, name, sort
2021-12-08 15:40:12.659 TRACE com.mapper.CategoryMapper.selectByExample         :143  [32m123690076973699072[0;39m <==        Row: 115484701694758912, 0, test, 1
2021-12-08 15:40:12.685 TRACE com.mapper.CategoryMapper.selectByExample         :143  [32m123690076973699072[0;39m <==        Row: 115484763686572032, 115484701694758910, test1, 2
2021-12-08 15:40:12.685 TRACE com.mapper.CategoryMapper.selectByExample         :143  [32m123690076973699072[0;39m <==        Row: 115149044279545856, 123, 23, 21
2021-12-08 15:40:12.686 TRACE com.mapper.CategoryMapper.selectByExample         :143  [32m123690076973699072[0;39m <==        Row: 100, 0, å‰ç«¯å¼€å‘, 100
2021-12-08 15:40:12.686 TRACE com.mapper.CategoryMapper.selectByExample         :143  [32m123690076973699072[0;39m <==        Row: 101, 100, Vue, 101
2021-12-08 15:40:12.687 TRACE com.mapper.CategoryMapper.selectByExample         :143  [32m123690076973699072[0;39m <==        Row: 102, 100, HTML & CSS, 102
2021-12-08 15:40:12.688 TRACE com.mapper.CategoryMapper.selectByExample         :143  [32m123690076973699072[0;39m <==        Row: 200, 0, Java, 200
2021-12-08 15:40:12.689 TRACE com.mapper.CategoryMapper.selectByExample         :143  [32m123690076973699072[0;39m <==        Row: 201, 200, åŸºç¡€åº”ç”¨, 201
2021-12-08 15:40:12.690 TRACE com.mapper.CategoryMapper.selectByExample         :143  [32m123690076973699072[0;39m <==        Row: 202, 200, æ¡†æž¶åº”ç”¨, 202
2021-12-08 15:40:12.691 TRACE com.mapper.CategoryMapper.selectByExample         :143  [32m123690076973699072[0;39m <==        Row: 300, 0, Python, 300
2021-12-08 15:40:12.691 TRACE com.mapper.CategoryMapper.selectByExample         :143  [32m123690076973699072[0;39m <==        Row: 301, 300, åŸºç¡€åº”ç”¨, 301
2021-12-08 15:40:12.692 TRACE com.mapper.CategoryMapper.selectByExample         :143  [32m123690076973699072[0;39m <==        Row: 302, 300, è¿›é˜¶æ–¹å‘åº”ç”¨, 302
2021-12-08 15:40:12.693 TRACE com.mapper.CategoryMapper.selectByExample         :143  [32m123690076973699072[0;39m <==        Row: 400, 0, æ•°æ®åº“, 400
2021-12-08 15:40:12.694 TRACE com.mapper.CategoryMapper.selectByExample         :143  [32m123690076973699072[0;39m <==        Row: 401, 400, MySQL, 401
2021-12-08 15:40:12.694 TRACE com.mapper.CategoryMapper.selectByExample         :143  [32m123690076973699072[0;39m <==        Row: 117509419725623296, 400, Oracle, 402
2021-12-08 15:40:12.695 TRACE com.mapper.CategoryMapper.selectByExample         :143  [32m123690076973699072[0;39m <==        Row: 500, 0, å…¶ä»–, 500
2021-12-08 15:40:12.698 TRACE com.mapper.CategoryMapper.selectByExample         :143  [32m123690076973699072[0;39m <==        Row: 501, 500, æœåŠ¡å™¨, 501
2021-12-08 15:40:12.699 TRACE com.mapper.CategoryMapper.selectByExample         :143  [32m123690076973699072[0;39m <==        Row: 502, 500, å¼€å‘å·¥å…·, 502
2021-12-08 15:40:12.700 TRACE com.mapper.CategoryMapper.selectByExample         :143  [32m123690076973699072[0;39m <==        Row: 503, 500, çƒ­é—¨æœåŠ¡ç«¯è¯­è¨€, 503
2021-12-08 15:40:12.701 DEBUG com.mapper.CategoryMapper.selectByExample         :137  [32m123690076973699072[0;39m <==      Total: 19
2021-12-08 15:40:12.748 INFO  com.aspect.LogAspect                              :92   [32m123690076973699072[0;39m è¿”å›žç»“æžœ: {"content":[{"id":115484701694758912,"name":"test","parent":0,"sort":1},{"id":115484763686572032,"name":"test1","parent":115484701694758910,"sort":2},{"id":115149044279545856,"name":"23","parent":123,"sort":21},{"id":100,"name":"å‰ç«¯å¼€å‘","parent":0,"sort":100},{"id":101,"name":"Vue","parent":100,"sort":101},{"id":102,"name":"HTML & CSS","parent":100,"sort":102},{"id":200,"name":"Java","parent":0,"sort":200},{"id":201,"name":"åŸºç¡€åº”ç”¨","parent":200,"sort":201},{"id":202,"name":"æ¡†æž¶åº”ç”¨","parent":200,"sort":202},{"id":300,"name":"Python","parent":0,"sort":300},{"id":301,"name":"åŸºç¡€åº”ç”¨","parent":300,"sort":301},{"id":302,"name":"è¿›é˜¶æ–¹å‘åº”ç”¨","parent":300,"sort":302},{"id":400,"name":"æ•°æ®åº“","parent":0,"sort":400},{"id":401,"name":"MySQL","parent":400,"sort":401},{"id":117509419725623296,"name":"Oracle","parent":400,"sort":402},{"id":500,"name":"å…¶ä»–","parent":0,"sort":500},{"id":501,"name":"æœåŠ¡å™¨","parent":500,"sort":501},{"id":502,"name":"å¼€å‘å·¥å…·","parent":500,"sort":502},{"id":503,"name":"çƒ­é—¨æœåŠ¡ç«¯è¯­è¨€","parent":500,"sort":503}],"success":true}
2021-12-08 15:40:12.748 INFO  com.aspect.LogAspect                              :93   [32m123690076973699072[0;39m ------------- ç»“æŸ è€—æ—¶ï¼š347 ms -------------
2021-12-08 15:40:35.002 INFO  com.job.DocJob                                    :32   [32m123690171769163776[0;39m æ›´æ–°ç”µå­ä¹¦ä¸‹çš„æ–‡æ¡£æ•°æ®å¼€å§‹
2021-12-08 15:40:35.047 DEBUG com.mapper.DocMapperCust.updateEbookInfo          :137  [32m123690171769163776[0;39m ==>  Preparing: update ebook t1, (select ebook_id, count(1) doc_count, sum(view_count) view_count, sum(vote_count) vote_count from doc group by ebook_id) t2 set t1.doc_count = t2.doc_count, t1.view_count = t2.view_count, t1.vote_count = t2.vote_count where t1.id = t2.ebook_id
2021-12-08 15:40:35.048 DEBUG com.mapper.DocMapperCust.updateEbookInfo          :137  [32m123690171769163776[0;39m ==> Parameters: 
2021-12-08 15:40:35.141 DEBUG com.mapper.DocMapperCust.updateEbookInfo          :137  [32m123690171769163776[0;39m <==    Updates: 2
2021-12-08 15:40:35.142 INFO  com.job.DocJob                                    :35   [32m123690171769163776[0;39m æ›´æ–°ç”µå­ä¹¦ä¸‹çš„æ–‡æ¡£æ•°æ®ç»“æŸï¼Œè€—æ—¶ï¼š139æ¯«ç§’
2021-12-08 15:40:39.190 INFO  com.aspect.LogAspect                              :54   [32m123690189334908928[0;39m ------------- å¼€å§‹ -------------
2021-12-08 15:40:39.191 INFO  com.aspect.LogAspect                              :55   [32m123690189334908928[0;39m è¯·æ±‚åœ°å€: http://localhost:8081/ebook/list GET
2021-12-08 15:40:39.191 INFO  com.aspect.LogAspect                              :56   [32m123690189334908928[0;39m ç±»åæ–¹æ³•: com.controller.EbookController.list
2021-12-08 15:40:39.191 INFO  com.aspect.LogAspect                              :57   [32m123690189334908928[0;39m è¿œç¨‹åœ°å€: 0:0:0:0:0:0:0:1
2021-12-08 15:40:39.193 INFO  com.aspect.LogAspect                              :80   [32m123690189334908928[0;39m è¯·æ±‚å‚æ•°: [{"categoryId2":101,"page":1,"size":1000}]
2021-12-08 15:40:39.357 DEBUG com.mapper.EbookMapper.selectByExample_COUNT      :137  [32m123690189334908928[0;39m ==>  Preparing: SELECT count(0) FROM ebook WHERE (category2_id = ?)
2021-12-08 15:40:39.358 DEBUG com.mapper.EbookMapper.selectByExample_COUNT      :137  [32m123690189334908928[0;39m ==> Parameters: 101(Long)
2021-12-08 15:40:39.402 TRACE com.mapper.EbookMapper.selectByExample_COUNT      :143  [32m123690189334908928[0;39m <==    Columns: count(0)
2021-12-08 15:40:39.403 TRACE com.mapper.EbookMapper.selectByExample_COUNT      :143  [32m123690189334908928[0;39m <==        Row: 1
2021-12-08 15:40:39.404 DEBUG com.mapper.EbookMapper.selectByExample_COUNT      :137  [32m123690189334908928[0;39m <==      Total: 1
2021-12-08 15:40:39.407 DEBUG com.mapper.EbookMapper.selectByExample            :137  [32m123690189334908928[0;39m ==>  Preparing: select id, `name`, category1_id, category2_id, description, cover, doc_count, view_count, vote_count from ebook WHERE ( category2_id = ? ) LIMIT ?
2021-12-08 15:40:39.407 DEBUG com.mapper.EbookMapper.selectByExample            :137  [32m123690189334908928[0;39m ==> Parameters: 101(Long), 1000(Integer)
2021-12-08 15:40:39.451 TRACE com.mapper.EbookMapper.selectByExample            :143  [32m123690189334908928[0;39m <==    Columns: id, name, category1_id, category2_id, description, cover, doc_count, view_count, vote_count
2021-12-08 15:40:39.451 TRACE com.mapper.EbookMapper.selectByExample            :143  [32m123690189334908928[0;39m <==        Row: 2, Vueå…¥é—¨æ•™ç¨‹, 100, 101, é›¶åŸºç¡€å…¥é—¨Vueå¼€å‘ï¼Œä¼ä¸šçº§åº”ç”¨å¼€å‘æœ€ä½³é¦–é€‰æ¡†æž¶, /image/cover2.png, 5, 33, 3
2021-12-08 15:40:39.452 DEBUG com.mapper.EbookMapper.selectByExample            :137  [32m123690189334908928[0;39m <==      Total: 1
2021-12-08 15:40:39.454 INFO  com.servicess.EbookService                        :48   [32m123690189334908928[0;39m æ€»è¡Œæ•°ï¼š1
2021-12-08 15:40:39.454 INFO  com.servicess.EbookService                        :49   [32m123690189334908928[0;39m æ€»é¡µæ•°ï¼š1
2021-12-08 15:40:39.468 INFO  com.aspect.LogAspect                              :92   [32m123690189334908928[0;39m è¿”å›žç»“æžœ: {"content":{"list":[{"category1Id":100,"category2Id":101,"cover":"/image/cover2.png","description":"é›¶åŸºç¡€å…¥é—¨Vueå¼€å‘ï¼Œä¼ä¸šçº§åº”ç”¨å¼€å‘æœ€ä½³é¦–é€‰æ¡†æž¶","docCount":5,"id":2,"name":"Vueå…¥é—¨æ•™ç¨‹","viewCount":33,"voteCount":3}],"total":1},"success":true}
2021-12-08 15:40:39.469 INFO  com.aspect.LogAspect                              :93   [32m123690189334908928[0;39m ------------- ç»“æŸ è€—æ—¶ï¼š279 ms -------------
2021-12-08 15:40:40.340 INFO  com.aspect.LogAspect                              :54   [32m123690194158358528[0;39m ------------- å¼€å§‹ -------------
2021-12-08 15:40:40.349 INFO  com.aspect.LogAspect                              :55   [32m123690194158358528[0;39m è¯·æ±‚åœ°å€: http://localhost:8081/doc/all/2 GET
2021-12-08 15:40:40.350 INFO  com.aspect.LogAspect                              :56   [32m123690194158358528[0;39m ç±»åæ–¹æ³•: com.controller.DocController.all
2021-12-08 15:40:40.353 INFO  com.aspect.LogAspect                              :57   [32m123690194158358528[0;39m è¿œç¨‹åœ°å€: 0:0:0:0:0:0:0:1
2021-12-08 15:40:40.354 INFO  com.aspect.LogAspect                              :80   [32m123690194158358528[0;39m è¯·æ±‚å‚æ•°: [2]
2021-12-08 15:40:40.413 DEBUG com.mapper.DocMapper.selectByExample              :137  [32m123690194158358528[0;39m ==>  Preparing: select id, ebook_id, parent, `name`, sort, view_count, vote_count from doc WHERE ( ebook_id = ? ) order by sort asc
2021-12-08 15:40:40.414 DEBUG com.mapper.DocMapper.selectByExample              :137  [32m123690194158358528[0;39m ==> Parameters: 2(Long)
2021-12-08 15:40:40.460 TRACE com.mapper.DocMapper.selectByExample              :143  [32m123690194158358528[0;39m <==    Columns: id, ebook_id, parent, name, sort, view_count, vote_count
2021-12-08 15:40:40.460 TRACE com.mapper.DocMapper.selectByExample              :143  [32m123690194158358528[0;39m <==        Row: 9, 2, 0, æ–‡æ¡£1, 1, 17, 0
2021-12-08 15:40:40.461 TRACE com.mapper.DocMapper.selectByExample              :143  [32m123690194158358528[0;39m <==        Row: 122746345772683264, 2, 0, æ–‡æ¡£2, 1, 10, 0
2021-12-08 15:40:40.462 TRACE com.mapper.DocMapper.selectByExample              :143  [32m123690194158358528[0;39m <==        Row: 123355131981991936, 2, 9, æ–‡æ¡£1.1, 1, 2, 1
2021-12-08 15:40:40.462 TRACE com.mapper.DocMapper.selectByExample              :143  [32m123690194158358528[0;39m <==        Row: 123355236525019136, 2, 122746345772683264, æ–‡æ¡£2.1, 1, 2, 1
2021-12-08 15:40:40.463 TRACE com.mapper.DocMapper.selectByExample              :143  [32m123690194158358528[0;39m <==        Row: 123355187095146496, 2, 9, æ–‡æ¡£1.2, 2, 2, 1
2021-12-08 15:40:40.464 DEBUG com.mapper.DocMapper.selectByExample              :137  [32m123690194158358528[0;39m <==      Total: 5
2021-12-08 15:40:40.474 INFO  com.aspect.LogAspect                              :92   [32m123690194158358528[0;39m è¿”å›žç»“æžœ: {"content":[{"ebookId":2,"id":9,"name":"æ–‡æ¡£1","parent":0,"sort":1,"viewCount":17,"voteCount":0},{"ebookId":2,"id":122746345772683264,"name":"æ–‡æ¡£2","parent":0,"sort":1,"viewCount":10,"voteCount":0},{"ebookId":2,"id":123355131981991936,"name":"æ–‡æ¡£1.1","parent":9,"sort":1,"viewCount":2,"voteCount":1},{"ebookId":2,"id":123355236525019136,"name":"æ–‡æ¡£2.1","parent":122746345772683264,"sort":1,"viewCount":2,"voteCount":1},{"ebookId":2,"id":123355187095146496,"name":"æ–‡æ¡£1.2","parent":9,"sort":2,"viewCount":2,"voteCount":1}],"success":true}
2021-12-08 15:40:40.475 INFO  com.aspect.LogAspect                              :93   [32m123690194158358528[0;39m ------------- ç»“æŸ è€—æ—¶ï¼š135 ms -------------
2021-12-08 15:40:40.521 INFO  com.aspect.LogAspect                              :54   [32m123690194917527552[0;39m ------------- å¼€å§‹ -------------
2021-12-08 15:40:40.522 INFO  com.aspect.LogAspect                              :55   [32m123690194917527552[0;39m è¯·æ±‚åœ°å€: http://localhost:8081/doc/find-content/9 GET
2021-12-08 15:40:40.523 INFO  com.aspect.LogAspect                              :56   [32m123690194917527552[0;39m ç±»åæ–¹æ³•: com.controller.DocController.findContent
2021-12-08 15:40:40.523 INFO  com.aspect.LogAspect                              :57   [32m123690194917527552[0;39m è¿œç¨‹åœ°å€: 0:0:0:0:0:0:0:1
2021-12-08 15:40:40.524 INFO  com.aspect.LogAspect                              :80   [32m123690194917527552[0;39m è¯·æ±‚å‚æ•°: [9]
2021-12-08 15:40:40.526 DEBUG com.mapper.ContentMapper.selectByPrimaryKey       :137  [32m123690194917527552[0;39m ==>  Preparing: select id , content from content where id = ?
2021-12-08 15:40:40.528 DEBUG com.mapper.ContentMapper.selectByPrimaryKey       :137  [32m123690194917527552[0;39m ==> Parameters: 9(Long)
2021-12-08 15:40:40.573 DEBUG com.mapper.ContentMapper.selectByPrimaryKey       :137  [32m123690194917527552[0;39m <==      Total: 0
2021-12-08 15:40:40.580 DEBUG com.mapper.DocMapperCust.increaseViewCount        :137  [32m123690194917527552[0;39m ==>  Preparing: update doc set view_count = view_count + 1 where id = ?
2021-12-08 15:40:40.581 DEBUG com.mapper.DocMapperCust.increaseViewCount        :137  [32m123690194917527552[0;39m ==> Parameters: 9(Long)
2021-12-08 15:40:40.674 DEBUG com.mapper.DocMapperCust.increaseViewCount        :137  [32m123690194917527552[0;39m <==    Updates: 1
2021-12-08 15:40:40.677 INFO  com.aspect.LogAspect                              :92   [32m123690194917527552[0;39m è¿”å›žç»“æžœ: {"content":"","success":true}
2021-12-08 15:40:40.679 INFO  com.aspect.LogAspect                              :93   [32m123690194917527552[0;39m ------------- ç»“æŸ è€—æ—¶ï¼š158 ms -------------
2021-12-08 15:40:48.648 INFO  com.websocket.WebSocketServer                     :41   [32m                  [0;39m è¿žæŽ¥å…³é—­ï¼Œtokenï¼šXkuFXklYj8ï¼Œsession idï¼š0ï¼å½“å‰è¿žæŽ¥æ•°ï¼š0
2021-12-08 15:40:50.211 INFO  com.websocket.WebSocketServer                     :32   [32m                  [0;39m æœ‰æ–°è¿žæŽ¥ï¼štokenï¼šcUTX7aHaruï¼Œsession idï¼š1ï¼Œå½“å‰è¿žæŽ¥æ•°ï¼š1
2021-12-08 15:40:50.490 INFO  com.aspect.LogAspect                              :54   [32m123690236730544128[0;39m ------------- å¼€å§‹ -------------
2021-12-08 15:40:50.490 INFO  com.aspect.LogAspect                              :55   [32m123690236730544128[0;39m è¯·æ±‚åœ°å€: http://localhost:8081/doc/all/2 GET
2021-12-08 15:40:50.491 INFO  com.aspect.LogAspect                              :56   [32m123690236730544128[0;39m ç±»åæ–¹æ³•: com.controller.DocController.all
2021-12-08 15:40:50.491 INFO  com.aspect.LogAspect                              :57   [32m123690236730544128[0;39m è¿œç¨‹åœ°å€: 0:0:0:0:0:0:0:1
2021-12-08 15:40:50.492 INFO  com.aspect.LogAspect                              :80   [32m123690236730544128[0;39m è¯·æ±‚å‚æ•°: [2]
2021-12-08 15:40:50.556 DEBUG com.mapper.DocMapper.selectByExample              :137  [32m123690236730544128[0;39m ==>  Preparing: select id, ebook_id, parent, `name`, sort, view_count, vote_count from doc WHERE ( ebook_id = ? ) order by sort asc
2021-12-08 15:40:50.557 DEBUG com.mapper.DocMapper.selectByExample              :137  [32m123690236730544128[0;39m ==> Parameters: 2(Long)
2021-12-08 15:40:50.605 TRACE com.mapper.DocMapper.selectByExample              :143  [32m123690236730544128[0;39m <==    Columns: id, ebook_id, parent, name, sort, view_count, vote_count
2021-12-08 15:40:50.606 TRACE com.mapper.DocMapper.selectByExample              :143  [32m123690236730544128[0;39m <==        Row: 9, 2, 0, æ–‡æ¡£1, 1, 18, 0
2021-12-08 15:40:50.607 TRACE com.mapper.DocMapper.selectByExample              :143  [32m123690236730544128[0;39m <==        Row: 122746345772683264, 2, 0, æ–‡æ¡£2, 1, 10, 0
2021-12-08 15:40:50.608 TRACE com.mapper.DocMapper.selectByExample              :143  [32m123690236730544128[0;39m <==        Row: 123355131981991936, 2, 9, æ–‡æ¡£1.1, 1, 2, 1
2021-12-08 15:40:50.609 TRACE com.mapper.DocMapper.selectByExample              :143  [32m123690236730544128[0;39m <==        Row: 123355236525019136, 2, 122746345772683264, æ–‡æ¡£2.1, 1, 2, 1
2021-12-08 15:40:50.610 TRACE com.mapper.DocMapper.selectByExample              :143  [32m123690236730544128[0;39m <==        Row: 123355187095146496, 2, 9, æ–‡æ¡£1.2, 2, 2, 1
2021-12-08 15:40:50.612 DEBUG com.mapper.DocMapper.selectByExample              :137  [32m123690236730544128[0;39m <==      Total: 5
2021-12-08 15:40:50.614 INFO  com.aspect.LogAspect                              :92   [32m123690236730544128[0;39m è¿”å›žç»“æžœ: {"content":[{"ebookId":2,"id":9,"name":"æ–‡æ¡£1","parent":0,"sort":1,"viewCount":18,"voteCount":0},{"ebookId":2,"id":122746345772683264,"name":"æ–‡æ¡£2","parent":0,"sort":1,"viewCount":10,"voteCount":0},{"ebookId":2,"id":123355131981991936,"name":"æ–‡æ¡£1.1","parent":9,"sort":1,"viewCount":2,"voteCount":1},{"ebookId":2,"id":123355236525019136,"name":"æ–‡æ¡£2.1","parent":122746345772683264,"sort":1,"viewCount":2,"voteCount":1},{"ebookId":2,"id":123355187095146496,"name":"æ–‡æ¡£1.2","parent":9,"sort":2,"viewCount":2,"voteCount":1}],"success":true}
2021-12-08 15:40:50.615 INFO  com.aspect.LogAspect                              :93   [32m123690236730544128[0;39m ------------- ç»“æŸ è€—æ—¶ï¼š125 ms -------------
2021-12-08 15:40:50.657 INFO  com.aspect.LogAspect                              :54   [32m123690237430992896[0;39m ------------- å¼€å§‹ -------------
2021-12-08 15:40:50.660 INFO  com.aspect.LogAspect                              :55   [32m123690237430992896[0;39m è¯·æ±‚åœ°å€: http://localhost:8081/doc/find-content/9 GET
2021-12-08 15:40:50.662 INFO  com.aspect.LogAspect                              :56   [32m123690237430992896[0;39m ç±»åæ–¹æ³•: com.controller.DocController.findContent
2021-12-08 15:40:50.663 INFO  com.aspect.LogAspect                              :57   [32m123690237430992896[0;39m è¿œç¨‹åœ°å€: 0:0:0:0:0:0:0:1
2021-12-08 15:40:50.663 INFO  com.aspect.LogAspect                              :80   [32m123690237430992896[0;39m è¯·æ±‚å‚æ•°: [9]
2021-12-08 15:40:50.665 DEBUG com.mapper.ContentMapper.selectByPrimaryKey       :137  [32m123690237430992896[0;39m ==>  Preparing: select id , content from content where id = ?
2021-12-08 15:40:50.668 DEBUG com.mapper.ContentMapper.selectByPrimaryKey       :137  [32m123690237430992896[0;39m ==> Parameters: 9(Long)
2021-12-08 15:40:50.716 DEBUG com.mapper.ContentMapper.selectByPrimaryKey       :137  [32m123690237430992896[0;39m <==      Total: 0
2021-12-08 15:40:50.718 DEBUG com.mapper.DocMapperCust.increaseViewCount        :137  [32m123690237430992896[0;39m ==>  Preparing: update doc set view_count = view_count + 1 where id = ?
2021-12-08 15:40:50.718 DEBUG com.mapper.DocMapperCust.increaseViewCount        :137  [32m123690237430992896[0;39m ==> Parameters: 9(Long)
2021-12-08 15:40:50.807 DEBUG com.mapper.DocMapperCust.increaseViewCount        :137  [32m123690237430992896[0;39m <==    Updates: 1
2021-12-08 15:40:50.808 INFO  com.aspect.LogAspect                              :92   [32m123690237430992896[0;39m è¿”å›žç»“æžœ: {"content":"","success":true}
2021-12-08 15:40:50.808 INFO  com.aspect.LogAspect                              :93   [32m123690237430992896[0;39m ------------- ç»“æŸ è€—æ—¶ï¼š151 ms -------------
2021-12-08 15:41:05.004 INFO  com.job.DocJob                                    :32   [32m123690297606672384[0;39m æ›´æ–°ç”µå­ä¹¦ä¸‹çš„æ–‡æ¡£æ•°æ®å¼€å§‹
2021-12-08 15:41:05.049 DEBUG com.mapper.DocMapperCust.updateEbookInfo          :137  [32m123690297606672384[0;39m ==>  Preparing: update ebook t1, (select ebook_id, count(1) doc_count, sum(view_count) view_count, sum(vote_count) vote_count from doc group by ebook_id) t2 set t1.doc_count = t2.doc_count, t1.view_count = t2.view_count, t1.vote_count = t2.vote_count where t1.id = t2.ebook_id
2021-12-08 15:41:05.049 DEBUG com.mapper.DocMapperCust.updateEbookInfo          :137  [32m123690297606672384[0;39m ==> Parameters: 
2021-12-08 15:41:05.142 DEBUG com.mapper.DocMapperCust.updateEbookInfo          :137  [32m123690297606672384[0;39m <==    Updates: 2
2021-12-08 15:41:05.142 INFO  com.job.DocJob                                    :35   [32m123690297606672384[0;39m æ›´æ–°ç”µå­ä¹¦ä¸‹çš„æ–‡æ¡£æ•°æ®ç»“æŸï¼Œè€—æ—¶ï¼š138æ¯«ç§’
2021-12-08 15:41:35.016 INFO  com.job.DocJob                                    :32   [32m123690423486124032[0;39m æ›´æ–°ç”µå­ä¹¦ä¸‹çš„æ–‡æ¡£æ•°æ®å¼€å§‹
2021-12-08 15:41:35.061 DEBUG com.mapper.DocMapperCust.updateEbookInfo          :137  [32m123690423486124032[0;39m ==>  Preparing: update ebook t1, (select ebook_id, count(1) doc_count, sum(view_count) view_count, sum(vote_count) vote_count from doc group by ebook_id) t2 set t1.doc_count = t2.doc_count, t1.view_count = t2.view_count, t1.vote_count = t2.vote_count where t1.id = t2.ebook_id
2021-12-08 15:41:35.062 DEBUG com.mapper.DocMapperCust.updateEbookInfo          :137  [32m123690423486124032[0;39m ==> Parameters: 
2021-12-08 15:41:35.151 DEBUG com.mapper.DocMapperCust.updateEbookInfo          :137  [32m123690423486124032[0;39m <==    Updates: 2
2021-12-08 15:41:35.152 INFO  com.job.DocJob                                    :35   [32m123690423486124032[0;39m æ›´æ–°ç”µå­ä¹¦ä¸‹çš„æ–‡æ¡£æ•°æ®ç»“æŸï¼Œè€—æ—¶ï¼š135æ¯«ç§’
2021-12-08 15:41:53.360 INFO  com.websocket.WebSocketServer                     :41   [32m                  [0;39m è¿žæŽ¥å…³é—­ï¼Œtokenï¼šcUTX7aHaruï¼Œsession idï¼š1ï¼å½“å‰è¿žæŽ¥æ•°ï¼š0
2021-12-08 15:42:05.012 INFO  com.job.DocJob                                    :32   [32m123690549298466816[0;39m æ›´æ–°ç”µå­ä¹¦ä¸‹çš„æ–‡æ¡£æ•°æ®å¼€å§‹
2021-12-08 15:42:05.058 DEBUG com.mapper.DocMapperCust.updateEbookInfo          :137  [32m123690549298466816[0;39m ==>  Preparing: update ebook t1, (select ebook_id, count(1) doc_count, sum(view_count) view_count, sum(vote_count) vote_count from doc group by ebook_id) t2 set t1.doc_count = t2.doc_count, t1.view_count = t2.view_count, t1.vote_count = t2.vote_count where t1.id = t2.ebook_id
2021-12-08 15:42:05.058 DEBUG com.mapper.DocMapperCust.updateEbookInfo          :137  [32m123690549298466816[0;39m ==> Parameters: 
2021-12-08 15:42:05.155 DEBUG com.mapper.DocMapperCust.updateEbookInfo          :137  [32m123690549298466816[0;39m <==    Updates: 2
2021-12-08 15:42:05.156 INFO  com.job.DocJob                                    :35   [32m123690549298466816[0;39m æ›´æ–°ç”µå­ä¹¦ä¸‹çš„æ–‡æ¡£æ•°æ®ç»“æŸï¼Œè€—æ—¶ï¼š143æ¯«ç§’
